4K-RR-QD1J1: (g=0): rw=randread, bs=(R) 4096B-4096B, (W) 4096B-4096B, (T) 4096B-4096B, ioengine=io_uring, iodepth=1
4K-RW-QD1J1: (g=1): rw=randwrite, bs=(R) 4096B-4096B, (W) 4096B-4096B, (T) 4096B-4096B, ioengine=io_uring, iodepth=1
4K-RR-QD32J1: (g=2): rw=randread, bs=(R) 4096B-4096B, (W) 4096B-4096B, (T) 4096B-4096B, ioengine=io_uring, iodepth=32
4K-RW-QD32J1: (g=3): rw=randwrite, bs=(R) 4096B-4096B, (W) 4096B-4096B, (T) 4096B-4096B, ioengine=io_uring, iodepth=32
4K-MIX-QD32J1: (g=4): rw=randrw, bs=(R) 4096B-4096B, (W) 4096B-4096B, (T) 4096B-4096B, ioengine=io_uring, iodepth=32
fio-3.27
Starting 5 threads

4K-RR-QD1J1: (groupid=0, jobs=1): err= 0: pid=9700: Mon Nov  6 17:27:45 2023
  read: IOPS=9718, BW=38.0MiB/s (39.8MB/s)(380MiB/10001msec)
    clat (usec): min=91, max=9356, avg=102.58, stdev=38.38
     lat (usec): min=91, max=9366, avg=102.62, stdev=38.40
    clat percentiles (usec):
     |  1.00th=[   95],  5.00th=[   95], 10.00th=[   96], 20.00th=[   96],
     | 30.00th=[   97], 40.00th=[   97], 50.00th=[   97], 60.00th=[   98],
     | 70.00th=[  112], 80.00th=[  113], 90.00th=[  113], 95.00th=[  114],
     | 99.00th=[  117], 99.50th=[  126], 99.90th=[  249], 99.95th=[  318],
     | 99.99th=[ 2114]
   bw (  KiB/s): min=36945, max=39232, per=100.00%, avg=38911.21, stdev=496.76, samples=19
   iops        : min= 9236, max= 9808, avg=9727.74, stdev=124.24, samples=19
  lat (usec)   : 100=65.10%, 250=34.80%, 500=0.08%, 750=0.01%, 1000=0.01%
  lat (msec)   : 2=0.01%, 4=0.01%, 10=0.01%
  cpu          : usr=99.97%, sys=0.00%, ctx=23, majf=0, minf=1
  IO depths    : 1=100.0%, 2=0.0%, 4=0.0%, 8=0.0%, 16=0.0%, 32=0.0%, >=64=0.0%
     submit    : 0=0.0%, 4=0.0%, 8=0.0%, 16=0.0%, 32=0.0%, 64=0.0%, >=64=0.0%
     complete  : 0=0.0%, 4=100.0%, 8=0.0%, 16=0.0%, 32=0.0%, 64=0.0%, >=64=0.0%
     issued rwts: total=97191,0,0,0 short=0,0,0,0 dropped=0,0,0,0
     latency   : target=0, window=0, percentile=100.00%, depth=1
4K-RW-QD1J1: (groupid=1, jobs=1): err= 0: pid=9702: Mon Nov  6 17:27:45 2023
  write: IOPS=62.4k, BW=244MiB/s (256MB/s)(2437MiB/10001msec); 0 zone resets
    clat (usec): min=12, max=9176, avg=15.08, stdev=14.93
     lat (usec): min=12, max=9178, avg=15.15, stdev=14.93
    clat percentiles (nsec):
     |  1.00th=[13504],  5.00th=[14016], 10.00th=[14144], 20.00th=[14400],
     | 30.00th=[14528], 40.00th=[14912], 50.00th=[15040], 60.00th=[15168],
     | 70.00th=[15296], 80.00th=[15424], 90.00th=[15808], 95.00th=[16192],
     | 99.00th=[17536], 99.50th=[22400], 99.90th=[31872], 99.95th=[35072],
     | 99.99th=[43776]
   bw (  KiB/s): min=242352, max=255743, per=100.00%, avg=249639.74, stdev=3431.11, samples=19
   iops        : min=60588, max=63935, avg=62409.74, stdev=857.67, samples=19
  lat (usec)   : 20=99.42%, 50=0.57%, 100=0.01%
  lat (msec)   : 10=0.01%
  cpu          : usr=99.98%, sys=0.00%, ctx=30, majf=0, minf=0
  IO depths    : 1=100.0%, 2=0.0%, 4=0.0%, 8=0.0%, 16=0.0%, 32=0.0%, >=64=0.0%
     submit    : 0=0.0%, 4=0.0%, 8=0.0%, 16=0.0%, 32=0.0%, 64=0.0%, >=64=0.0%
     complete  : 0=0.0%, 4=100.0%, 8=0.0%, 16=0.0%, 32=0.0%, 64=0.0%, >=64=0.0%
     issued rwts: total=0,623859,0,0 short=0,0,0,0 dropped=0,0,0,0
     latency   : target=0, window=0, percentile=100.00%, depth=1
4K-RR-QD32J1: (groupid=2, jobs=1): err= 0: pid=9706: Mon Nov  6 17:27:45 2023
  read: IOPS=183k, BW=715MiB/s (750MB/s)(7154MiB/10001msec)
    clat (usec): min=64, max=3551, avg=174.52, stdev=95.91
     lat (usec): min=64, max=3553, avg=174.56, stdev=95.91
    clat percentiles (usec):
     |  1.00th=[   71],  5.00th=[   76], 10.00th=[   87], 20.00th=[  101],
     | 30.00th=[  114], 40.00th=[  129], 50.00th=[  149], 60.00th=[  172],
     | 70.00th=[  200], 80.00th=[  239], 90.00th=[  302], 95.00th=[  355],
     | 99.00th=[  465], 99.50th=[  515], 99.90th=[  676], 99.95th=[  947],
     | 99.99th=[ 2147]
   bw (  KiB/s): min=711911, max=738712, per=100.00%, avg=733617.89, stdev=5926.78, samples=19
   iops        : min=177977, max=184678, avg=183404.37, stdev=1481.84, samples=19
  lat (usec)   : 100=19.46%, 250=62.90%, 500=17.04%, 750=0.53%, 1000=0.03%
  lat (msec)   : 2=0.03%, 4=0.02%
  cpu          : usr=99.99%, sys=0.00%, ctx=40, majf=0, minf=0
  IO depths    : 1=0.1%, 2=0.1%, 4=0.1%, 8=0.1%, 16=0.1%, 32=100.0%, >=64=0.0%
     submit    : 0=0.0%, 4=0.0%, 8=0.0%, 16=0.0%, 32=0.0%, 64=0.0%, >=64=0.0%
     complete  : 0=0.0%, 4=100.0%, 8=0.0%, 16=0.0%, 32=0.1%, 64=0.0%, >=64=0.0%
     issued rwts: total=1831339,0,0,0 short=0,0,0,0 dropped=0,0,0,0
     latency   : target=0, window=0, percentile=100.00%, depth=32
4K-RW-QD32J1: (groupid=3, jobs=1): err= 0: pid=9711: Mon Nov  6 17:27:45 2023
  write: IOPS=208k, BW=813MiB/s (852MB/s)(8127MiB/10001msec); 0 zone resets
    clat (usec): min=22, max=9790, avg=152.85, stdev=178.57
     lat (usec): min=22, max=9790, avg=152.92, stdev=178.57
    clat percentiles (usec):
     |  1.00th=[   47],  5.00th=[   93], 10.00th=[  109], 20.00th=[  113],
     | 30.00th=[  117], 40.00th=[  135], 50.00th=[  153], 60.00th=[  157],
     | 70.00th=[  159], 80.00th=[  165], 90.00th=[  182], 95.00th=[  221],
     | 99.00th=[  383], 99.50th=[  453], 99.90th=[ 2900], 99.95th=[ 4015],
     | 99.99th=[ 8029]
   bw (  KiB/s): min=741216, max=1066669, per=100.00%, avg=834143.68, stdev=86676.33, samples=19
   iops        : min=185304, max=266667, avg=208535.74, stdev=21669.10, samples=19
  lat (usec)   : 50=1.07%, 100=5.70%, 250=90.19%, 500=2.67%, 750=0.20%
  lat (usec)   : 1000=0.03%
  lat (msec)   : 2=0.03%, 4=0.07%, 10=0.05%
  cpu          : usr=99.99%, sys=0.00%, ctx=21, majf=0, minf=0
  IO depths    : 1=0.1%, 2=0.1%, 4=0.1%, 8=0.1%, 16=0.1%, 32=100.0%, >=64=0.0%
     submit    : 0=0.0%, 4=0.0%, 8=0.0%, 16=0.0%, 32=0.0%, 64=0.0%, >=64=0.0%
     complete  : 0=0.0%, 4=100.0%, 8=0.0%, 16=0.0%, 32=0.1%, 64=0.0%, >=64=0.0%
     issued rwts: total=0,2080525,0,0 short=0,0,0,0 dropped=0,0,0,0
     latency   : target=0, window=0, percentile=100.00%, depth=32
4K-MIX-QD32J1: (groupid=4, jobs=1): err= 0: pid=9713: Mon Nov  6 17:27:45 2023
  read: IOPS=96.5k, BW=377MiB/s (395MB/s)(3770MiB/10001msec)
    clat (usec): min=46, max=9430, avg=318.02, stdev=355.75
     lat (usec): min=46, max=9430, avg=318.08, stdev=355.75
    clat percentiles (usec):
     |  1.00th=[   75],  5.00th=[   90], 10.00th=[  100], 20.00th=[  112],
     | 30.00th=[  123], 40.00th=[  143], 50.00th=[  176], 60.00th=[  223],
     | 70.00th=[  302], 80.00th=[  453], 90.00th=[  758], 95.00th=[ 1020],
     | 99.00th=[ 1631], 99.50th=[ 2180], 99.90th=[ 3195], 99.95th=[ 3458],
     | 99.99th=[ 4817]
   bw (  KiB/s): min=376536, max=395016, per=100.00%, avg=386270.32, stdev=6026.44, samples=19
   iops        : min=94134, max=98754, avg=96567.68, stdev=1506.61, samples=19
  write: IOPS=41.2k, BW=161MiB/s (169MB/s)(1612MiB/10001msec); 0 zone resets
    clat (usec): min=12, max=13304, avg=29.77, stdev=164.26
     lat (usec): min=12, max=13313, avg=29.84, stdev=164.27
    clat percentiles (usec):
     |  1.00th=[   15],  5.00th=[   18], 10.00th=[   18], 20.00th=[   20],
     | 30.00th=[   21], 40.00th=[   23], 50.00th=[   24], 60.00th=[   26],
     | 70.00th=[   29], 80.00th=[   33], 90.00th=[   40], 95.00th=[   46],
     | 99.00th=[   62], 99.50th=[   71], 99.90th=[  124], 99.95th=[  151],
     | 99.99th=[ 8029]
   bw (  KiB/s): min=160312, max=169864, per=100.00%, avg=165106.11, stdev=2718.11, samples=19
   iops        : min=40078, max=42466, avg=41276.53, stdev=679.53, samples=19
  lat (usec)   : 20=7.65%, 50=21.32%, 100=7.91%, 250=37.93%, 500=12.53%
  lat (usec)   : 750=5.49%, 1000=3.43%
  lat (msec)   : 2=3.30%, 4=0.41%, 10=0.02%, 20=0.01%
  cpu          : usr=99.97%, sys=0.00%, ctx=27, majf=0, minf=0
  IO depths    : 1=0.1%, 2=0.1%, 4=0.1%, 8=0.1%, 16=0.1%, 32=100.0%, >=64=0.0%
     submit    : 0=0.0%, 4=0.0%, 8=0.0%, 16=0.0%, 32=0.0%, 64=0.0%, >=64=0.0%
     complete  : 0=0.0%, 4=100.0%, 8=0.0%, 16=0.0%, 32=0.1%, 64=0.0%, >=64=0.0%
     issued rwts: total=965011,412547,0,0 short=0,0,0,0 dropped=0,0,0,0
     latency   : target=0, window=0, percentile=100.00%, depth=32

Run status group 0 (all jobs):
   READ: bw=38.0MiB/s (39.8MB/s), 38.0MiB/s-38.0MiB/s (39.8MB/s-39.8MB/s), io=380MiB (398MB), run=10001-10001msec

Run status group 1 (all jobs):
  WRITE: bw=244MiB/s (256MB/s), 244MiB/s-244MiB/s (256MB/s-256MB/s), io=2437MiB (2555MB), run=10001-10001msec

Run status group 2 (all jobs):
   READ: bw=715MiB/s (750MB/s), 715MiB/s-715MiB/s (750MB/s-750MB/s), io=7154MiB (7501MB), run=10001-10001msec

Run status group 3 (all jobs):
  WRITE: bw=813MiB/s (852MB/s), 813MiB/s-813MiB/s (852MB/s-852MB/s), io=8127MiB (8522MB), run=10001-10001msec

Run status group 4 (all jobs):
   READ: bw=377MiB/s (395MB/s), 377MiB/s-377MiB/s (395MB/s-395MB/s), io=3770MiB (3953MB), run=10001-10001msec
  WRITE: bw=161MiB/s (169MB/s), 161MiB/s-161MiB/s (169MB/s-169MB/s), io=1612MiB (1690MB), run=10001-10001msec

Disk stats (read/write):
  nvme0n1: ios=2874289/3108778, merge=51/137, ticks=614500/140342, in_queue=754872, util=98.14%
