4K-RR-QD1J1: (g=0): rw=randread, bs=(R) 4096B-4096B, (W) 4096B-4096B, (T) 4096B-4096B, ioengine=io_uring, iodepth=1
4K-RW-QD1J1: (g=1): rw=randwrite, bs=(R) 4096B-4096B, (W) 4096B-4096B, (T) 4096B-4096B, ioengine=io_uring, iodepth=1
4K-RR-QD32J1: (g=2): rw=randread, bs=(R) 4096B-4096B, (W) 4096B-4096B, (T) 4096B-4096B, ioengine=io_uring, iodepth=32
4K-RW-QD32J1: (g=3): rw=randwrite, bs=(R) 4096B-4096B, (W) 4096B-4096B, (T) 4096B-4096B, ioengine=io_uring, iodepth=32
4K-MIX-QD32J1: (g=4): rw=randrw, bs=(R) 4096B-4096B, (W) 4096B-4096B, (T) 4096B-4096B, ioengine=io_uring, iodepth=32
fio-3.27
Starting 5 threads

4K-RR-QD1J1: (groupid=0, jobs=1): err= 0: pid=1384: Mon Nov  6 17:55:53 2023
  read: IOPS=4967, BW=19.4MiB/s (20.3MB/s)(194MiB/10001msec)
    clat (usec): min=19, max=61479, avg=200.46, stdev=312.22
     lat (usec): min=19, max=61480, avg=200.61, stdev=312.23
    clat percentiles (usec):
     |  1.00th=[   93],  5.00th=[  135], 10.00th=[  145], 20.00th=[  157],
     | 30.00th=[  169], 40.00th=[  182], 50.00th=[  192], 60.00th=[  200],
     | 70.00th=[  212], 80.00th=[  229], 90.00th=[  249], 95.00th=[  273],
     | 99.00th=[  404], 99.50th=[  482], 99.90th=[  889], 99.95th=[ 2278],
     | 99.99th=[ 9372]
   bw (  KiB/s): min=16870, max=23688, per=100.00%, avg=19965.68, stdev=1763.82, samples=19
   iops        : min= 4217, max= 5922, avg=4991.26, stdev=441.00, samples=19
  lat (usec)   : 20=0.01%, 50=0.47%, 100=0.57%, 250=89.11%, 500=9.42%
  lat (usec)   : 750=0.29%, 1000=0.04%
  lat (msec)   : 2=0.03%, 4=0.03%, 10=0.03%, 20=0.01%, 100=0.01%
  cpu          : usr=98.51%, sys=0.24%, ctx=1533, majf=0, minf=0
  IO depths    : 1=100.0%, 2=0.0%, 4=0.0%, 8=0.0%, 16=0.0%, 32=0.0%, >=64=0.0%
     submit    : 0=0.0%, 4=0.0%, 8=0.0%, 16=0.0%, 32=0.0%, 64=0.0%, >=64=0.0%
     complete  : 0=0.0%, 4=100.0%, 8=0.0%, 16=0.0%, 32=0.0%, 64=0.0%, >=64=0.0%
     issued rwts: total=49680,0,0,0 short=0,0,0,0 dropped=0,0,0,0
     latency   : target=0, window=0, percentile=100.00%, depth=1
4K-RW-QD1J1: (groupid=1, jobs=1): err= 0: pid=1411: Mon Nov  6 17:55:53 2023
  write: IOPS=18.6k, BW=72.8MiB/s (76.3MB/s)(728MiB/10001msec); 0 zone resets
    clat (nsec): min=278, max=17790k, avg=52211.34, stdev=94230.67
     lat (usec): min=19, max=17789, avg=52.37, stdev=94.25
    clat percentiles (usec):
     |  1.00th=[   28],  5.00th=[   31], 10.00th=[   32], 20.00th=[   35],
     | 30.00th=[   38], 40.00th=[   41], 50.00th=[   45], 60.00th=[   50],
     | 70.00th=[   57], 80.00th=[   63], 90.00th=[   74], 95.00th=[   90],
     | 99.00th=[  130], 99.50th=[  174], 99.90th=[  510], 99.95th=[  824],
     | 99.99th=[ 2999]
   bw (  KiB/s): min=53888, max=94264, per=99.12%, avg=73893.68, stdev=13332.68, samples=19
   iops        : min=13472, max=23566, avg=18473.37, stdev=3333.15, samples=19
  lat (nsec)   : 500=0.01%
  lat (usec)   : 20=0.01%, 50=60.46%, 100=36.52%, 250=2.69%, 500=0.23%
  lat (usec)   : 750=0.05%, 1000=0.01%
  lat (msec)   : 2=0.02%, 4=0.02%, 10=0.01%, 20=0.01%
  cpu          : usr=98.72%, sys=0.15%, ctx=924, majf=0, minf=0
  IO depths    : 1=100.0%, 2=0.0%, 4=0.0%, 8=0.0%, 16=0.0%, 32=0.0%, >=64=0.0%
     submit    : 0=0.0%, 4=0.0%, 8=0.0%, 16=0.0%, 32=0.0%, 64=0.0%, >=64=0.0%
     complete  : 0=0.0%, 4=100.0%, 8=0.0%, 16=0.0%, 32=0.0%, 64=0.0%, >=64=0.0%
     issued rwts: total=0,186390,0,0 short=0,0,0,0 dropped=0,0,0,0
     latency   : target=0, window=0, percentile=100.00%, depth=1
4K-RR-QD32J1: (groupid=2, jobs=1): err= 0: pid=1419: Mon Nov  6 17:55:53 2023
  read: IOPS=119k, BW=465MiB/s (488MB/s)(4652MiB/10001msec)
    clat (usec): min=24, max=11599, avg=268.13, stdev=148.86
     lat (usec): min=24, max=11599, avg=268.27, stdev=148.86
    clat percentiles (usec):
     |  1.00th=[   77],  5.00th=[  120], 10.00th=[  165], 20.00th=[  198],
     | 30.00th=[  219], 40.00th=[  235], 50.00th=[  251], 60.00th=[  273],
     | 70.00th=[  297], 80.00th=[  330], 90.00th=[  383], 95.00th=[  437],
     | 99.00th=[  578], 99.50th=[  660], 99.90th=[ 1762], 99.95th=[ 2540],
     | 99.99th=[ 5932]
   bw (  KiB/s): min=424062, max=502192, per=100.00%, avg=477125.68, stdev=19362.72, samples=19
   iops        : min=106015, max=125548, avg=119281.32, stdev=4840.74, samples=19
  lat (usec)   : 50=0.07%, 100=3.00%, 250=45.98%, 500=48.67%, 750=2.00%
  lat (usec)   : 1000=0.13%
  lat (msec)   : 2=0.06%, 4=0.06%, 10=0.03%, 20=0.01%
  cpu          : usr=99.00%, sys=0.03%, ctx=1628, majf=0, minf=0
  IO depths    : 1=0.1%, 2=0.1%, 4=0.1%, 8=0.1%, 16=0.1%, 32=100.0%, >=64=0.0%
     submit    : 0=0.0%, 4=0.0%, 8=0.0%, 16=0.0%, 32=0.0%, 64=0.0%, >=64=0.0%
     complete  : 0=0.0%, 4=100.0%, 8=0.0%, 16=0.0%, 32=0.1%, 64=0.0%, >=64=0.0%
     issued rwts: total=1190874,0,0,0 short=0,0,0,0 dropped=0,0,0,0
     latency   : target=0, window=0, percentile=100.00%, depth=32
4K-RW-QD32J1: (groupid=3, jobs=1): err= 0: pid=1421: Mon Nov  6 17:55:53 2023
  write: IOPS=126k, BW=492MiB/s (516MB/s)(4919MiB/10001msec); 0 zone resets
    clat (usec): min=28, max=18847, avg=252.89, stdev=208.66
     lat (usec): min=28, max=18847, avg=253.04, stdev=208.67
    clat percentiles (usec):
     |  1.00th=[  106],  5.00th=[  141], 10.00th=[  161], 20.00th=[  192],
     | 30.00th=[  215], 40.00th=[  231], 50.00th=[  241], 60.00th=[  253],
     | 70.00th=[  265], 80.00th=[  281], 90.00th=[  310], 95.00th=[  355],
     | 99.00th=[  603], 99.50th=[  898], 99.90th=[ 3425], 99.95th=[ 4359],
     | 99.99th=[ 8029]
   bw (  KiB/s): min=414215, max=537840, per=100.00%, avg=505376.89, stdev=24863.46, samples=19
   iops        : min=103553, max=134460, avg=126343.89, stdev=6215.96, samples=19
  lat (usec)   : 50=0.07%, 100=0.69%, 250=57.06%, 500=40.38%, 750=1.14%
  lat (usec)   : 1000=0.26%
  lat (msec)   : 2=0.19%, 4=0.13%, 10=0.06%, 20=0.01%
  cpu          : usr=99.79%, sys=0.00%, ctx=98, majf=0, minf=0
  IO depths    : 1=0.1%, 2=0.1%, 4=0.1%, 8=0.1%, 16=0.1%, 32=100.0%, >=64=0.0%
     submit    : 0=0.0%, 4=0.0%, 8=0.0%, 16=0.0%, 32=0.0%, 64=0.0%, >=64=0.0%
     complete  : 0=0.0%, 4=100.0%, 8=0.0%, 16=0.0%, 32=0.1%, 64=0.0%, >=64=0.0%
     issued rwts: total=0,1259181,0,0 short=0,0,0,0 dropped=0,0,0,0
     latency   : target=0, window=0, percentile=100.00%, depth=32
4K-MIX-QD32J1: (groupid=4, jobs=1): err= 0: pid=1423: Mon Nov  6 17:55:53 2023
  read: IOPS=76.4k, BW=298MiB/s (313MB/s)(2983MiB/10001msec)
    clat (usec): min=23, max=17605, avg=334.84, stdev=329.34
     lat (usec): min=23, max=17605, avg=334.98, stdev=329.35
    clat percentiles (usec):
     |  1.00th=[   96],  5.00th=[  174], 10.00th=[  196], 20.00th=[  221],
     | 30.00th=[  241], 40.00th=[  258], 50.00th=[  277], 60.00th=[  302],
     | 70.00th=[  330], 80.00th=[  388], 90.00th=[  490], 95.00th=[  627],
     | 99.00th=[ 1139], 99.50th=[ 1663], 99.90th=[ 4883], 99.95th=[ 5800],
     | 99.99th=[10028]
   bw (  KiB/s): min=186352, max=344240, per=100.00%, avg=305835.37, stdev=34819.60, samples=19
   iops        : min=46588, max=86060, avg=76458.84, stdev=8704.90, samples=19
  write: IOPS=32.7k, BW=128MiB/s (134MB/s)(1279MiB/10001msec); 0 zone resets
    clat (usec): min=22, max=17583, avg=193.55, stdev=158.08
     lat (usec): min=22, max=17584, avg=193.70, stdev=158.09
    clat percentiles (usec):
     |  1.00th=[   45],  5.00th=[   64], 10.00th=[   87], 20.00th=[  120],
     | 30.00th=[  139], 40.00th=[  159], 50.00th=[  182], 60.00th=[  206],
     | 70.00th=[  229], 80.00th=[  253], 90.00th=[  293], 95.00th=[  334],
     | 99.00th=[  515], 99.50th=[  652], 99.90th=[ 1237], 99.95th=[ 1516],
     | 99.99th=[ 5932]
   bw (  KiB/s): min=80216, max=146296, per=100.00%, avg=131057.26, stdev=14886.36, samples=19
   iops        : min=20054, max=36574, avg=32764.32, stdev=3721.59, samples=19
  lat (usec)   : 50=0.75%, 100=3.93%, 250=44.10%, 500=44.45%, 750=4.43%
  lat (usec)   : 1000=1.29%
  lat (msec)   : 2=0.73%, 4=0.18%, 10=0.13%, 20=0.01%
  cpu          : usr=99.73%, sys=0.00%, ctx=200, majf=0, minf=0
  IO depths    : 1=0.1%, 2=0.1%, 4=0.1%, 8=0.1%, 16=0.1%, 32=100.0%, >=64=0.0%
     submit    : 0=0.0%, 4=0.0%, 8=0.0%, 16=0.0%, 32=0.0%, 64=0.0%, >=64=0.0%
     complete  : 0=0.0%, 4=100.0%, 8=0.0%, 16=0.0%, 32=0.1%, 64=0.0%, >=64=0.0%
     issued rwts: total=763633,327508,0,0 short=0,0,0,0 dropped=0,0,0,0
     latency   : target=0, window=0, percentile=100.00%, depth=32

Run status group 0 (all jobs):
   READ: bw=19.4MiB/s (20.3MB/s), 19.4MiB/s-19.4MiB/s (20.3MB/s-20.3MB/s), io=194MiB (203MB), run=10001-10001msec

Run status group 1 (all jobs):
  WRITE: bw=72.8MiB/s (76.3MB/s), 72.8MiB/s-72.8MiB/s (76.3MB/s-76.3MB/s), io=728MiB (763MB), run=10001-10001msec

Run status group 2 (all jobs):
   READ: bw=465MiB/s (488MB/s), 465MiB/s-465MiB/s (488MB/s-488MB/s), io=4652MiB (4878MB), run=10001-10001msec

Run status group 3 (all jobs):
  WRITE: bw=492MiB/s (516MB/s), 492MiB/s-492MiB/s (516MB/s-516MB/s), io=4919MiB (5158MB), run=10001-10001msec

Run status group 4 (all jobs):
   READ: bw=298MiB/s (313MB/s), 298MiB/s-298MiB/s (313MB/s-313MB/s), io=2983MiB (3128MB), run=10001-10001msec
  WRITE: bw=128MiB/s (134MB/s), 128MiB/s-128MiB/s (134MB/s-134MB/s), io=1279MiB (1341MB), run=10001-10001msec

Disk stats (read/write):
  vda: ios=1987269/1765774, merge=3/3, ticks=516116/326039, in_queue=842156, util=98.06%
