4K-RR-QD1J1: (g=0): rw=randread, bs=(R) 4096B-4096B, (W) 4096B-4096B, (T) 4096B-4096B, ioengine=spdk_bdev, iodepth=1
4K-RW-QD1J1: (g=1): rw=randwrite, bs=(R) 4096B-4096B, (W) 4096B-4096B, (T) 4096B-4096B, ioengine=spdk_bdev, iodepth=1
4K-RR-QD32J1: (g=2): rw=randread, bs=(R) 4096B-4096B, (W) 4096B-4096B, (T) 4096B-4096B, ioengine=spdk_bdev, iodepth=32
4K-RW-QD32J1: (g=3): rw=randwrite, bs=(R) 4096B-4096B, (W) 4096B-4096B, (T) 4096B-4096B, ioengine=spdk_bdev, iodepth=32
4K-MIX-QD32J1: (g=4): rw=randrw, bs=(R) 4096B-4096B, (W) 4096B-4096B, (T) 4096B-4096B, ioengine=spdk_bdev, iodepth=32
fio-3.27
Starting 5 threads

4K-RR-QD1J1: (groupid=0, jobs=1): err= 0: pid=9772: Mon Nov  6 17:30:47 2023
  read: IOPS=9667, BW=37.8MiB/s (39.6MB/s)(378MiB/10001msec)
    slat (nsec): min=100, max=18879, avg=179.85, stdev=83.18
    clat (usec): min=71, max=2180, avg=102.90, stdev=25.97
     lat (usec): min=71, max=2180, avg=103.08, stdev=25.98
    clat percentiles (usec):
     |  1.00th=[   74],  5.00th=[   75], 10.00th=[   98], 20.00th=[   98],
     | 30.00th=[   99], 40.00th=[   99], 50.00th=[   99], 60.00th=[  100],
     | 70.00th=[  114], 80.00th=[  115], 90.00th=[  115], 95.00th=[  116],
     | 99.00th=[  116], 99.50th=[  117], 99.90th=[  314], 99.95th=[  355],
     | 99.99th=[ 2073]
   bw (  KiB/s): min=35985, max=39088, per=100.00%, avg=38694.05, stdev=667.64, samples=19
   iops        : min= 8996, max= 9772, avg=9673.47, stdev=166.96, samples=19
  lat (usec)   : 100=65.20%, 250=34.61%, 500=0.16%, 750=0.01%, 1000=0.01%
  lat (msec)   : 2=0.01%, 4=0.01%
  cpu          : usr=95.62%, sys=4.37%, ctx=29, majf=0, minf=0
  IO depths    : 1=100.0%, 2=0.0%, 4=0.0%, 8=0.0%, 16=0.0%, 32=0.0%, >=64=0.0%
     submit    : 0=0.0%, 4=100.0%, 8=0.0%, 16=0.0%, 32=0.0%, 64=0.0%, >=64=0.0%
     complete  : 0=0.0%, 4=100.0%, 8=0.0%, 16=0.0%, 32=0.0%, 64=0.0%, >=64=0.0%
     issued rwts: total=96683,0,0,0 short=0,0,0,0 dropped=0,0,0,0
     latency   : target=0, window=0, percentile=100.00%, depth=1
4K-RW-QD1J1: (groupid=1, jobs=1): err= 0: pid=9777: Mon Nov  6 17:30:47 2023
  write: IOPS=55.9k, BW=218MiB/s (229MB/s)(2183MiB/10001msec); 0 zone resets
    slat (nsec): min=207, max=26898, avg=282.39, stdev=149.90
    clat (usec): min=14, max=9065, avg=16.66, stdev=29.93
     lat (usec): min=14, max=9068, avg=16.94, stdev=29.93
    clat percentiles (nsec):
     |  1.00th=[15296],  5.00th=[15680], 10.00th=[15808], 20.00th=[15936],
     | 30.00th=[16064], 40.00th=[16192], 50.00th=[16320], 60.00th=[16512],
     | 70.00th=[16512], 80.00th=[16768], 90.00th=[17024], 95.00th=[17280],
     | 99.00th=[23424], 99.50th=[25984], 99.90th=[36608], 99.95th=[40704],
     | 99.99th=[46848]
   bw (  KiB/s): min=198240, max=232992, per=100.00%, avg=223721.26, stdev=7567.78, samples=19
   iops        : min=49560, max=58248, avg=55930.42, stdev=1891.90, samples=19
  lat (usec)   : 20=98.01%, 50=1.98%, 100=0.01%
  lat (msec)   : 4=0.01%, 10=0.01%
  cpu          : usr=59.57%, sys=29.78%, ctx=558882, majf=0, minf=1
  IO depths    : 1=100.0%, 2=0.0%, 4=0.0%, 8=0.0%, 16=0.0%, 32=0.0%, >=64=0.0%
     submit    : 0=0.0%, 4=100.0%, 8=0.0%, 16=0.0%, 32=0.0%, 64=0.0%, >=64=0.0%
     complete  : 0=0.0%, 4=100.0%, 8=0.0%, 16=0.0%, 32=0.0%, 64=0.0%, >=64=0.0%
     issued rwts: total=0,558856,0,0 short=0,0,0,0 dropped=0,0,0,0
     latency   : target=0, window=0, percentile=100.00%, depth=1
4K-RR-QD32J1: (groupid=2, jobs=1): err= 0: pid=9778: Mon Nov  6 17:30:47 2023
  read: IOPS=178k, BW=697MiB/s (731MB/s)(6968MiB/10001msec)
    slat (nsec): min=80, max=36487, avg=118.20, stdev=269.23
    clat (usec): min=48, max=11862, avg=178.79, stdev=146.98
     lat (usec): min=48, max=11862, avg=178.91, stdev=146.98
    clat percentiles (usec):
     |  1.00th=[   73],  5.00th=[   78], 10.00th=[   89], 20.00th=[  103],
     | 30.00th=[  116], 40.00th=[  130], 50.00th=[  151], 60.00th=[  172],
     | 70.00th=[  200], 80.00th=[  239], 90.00th=[  297], 95.00th=[  355],
     | 99.00th=[  474], 99.50th=[  537], 99.90th=[ 2245], 99.95th=[ 3032],
     | 99.99th=[ 4178]
   bw (  KiB/s): min=384704, max=735632, per=99.92%, avg=712824.79, stdev=79513.18, samples=19
   iops        : min=96174, max=183908, avg=178206.00, stdev=19878.73, samples=19
  lat (usec)   : 50=0.01%, 100=17.21%, 250=65.32%, 500=16.76%, 750=0.50%
  lat (usec)   : 1000=0.01%
  lat (msec)   : 2=0.07%, 4=0.12%, 10=0.01%, 20=0.01%
  cpu          : usr=55.82%, sys=44.18%, ctx=36, majf=0, minf=0
  IO depths    : 1=0.1%, 2=0.1%, 4=0.1%, 8=0.1%, 16=34.1%, 32=65.9%, >=64=0.0%
     submit    : 0=0.0%, 4=100.0%, 8=0.0%, 16=0.0%, 32=0.0%, 64=0.0%, >=64=0.0%
     complete  : 0=0.0%, 4=99.6%, 8=0.4%, 16=0.1%, 32=0.1%, 64=0.0%, >=64=0.0%
     issued rwts: total=1783714,0,0,0 short=0,0,0,0 dropped=0,0,0,0
     latency   : target=0, window=0, percentile=100.00%, depth=32
4K-RW-QD32J1: (groupid=3, jobs=1): err= 0: pid=9780: Mon Nov  6 17:30:47 2023
  write: IOPS=196k, BW=767MiB/s (804MB/s)(7667MiB/10001msec); 0 zone resets
    slat (nsec): min=79, max=66690, avg=113.69, stdev=504.66
    clat (usec): min=62, max=11093, avg=148.03, stdev=169.62
     lat (usec): min=62, max=11093, avg=148.14, stdev=169.62
    clat percentiles (usec):
     |  1.00th=[  126],  5.00th=[  130], 10.00th=[  133], 20.00th=[  135],
     | 30.00th=[  137], 40.00th=[  139], 50.00th=[  143], 60.00th=[  145],
     | 70.00th=[  147], 80.00th=[  149], 90.00th=[  153], 95.00th=[  155],
     | 99.00th=[  178], 99.50th=[  243], 99.90th=[ 2835], 99.95th=[ 3818],
     | 99.99th=[ 7963]
   bw (  KiB/s): min=749488, max=816080, per=100.00%, avg=785646.63, stdev=16908.08, samples=19
   iops        : min=187372, max=204020, avg=196411.84, stdev=4227.28, samples=19
  lat (usec)   : 100=0.34%, 250=99.17%, 500=0.34%, 750=0.01%, 1000=0.01%
  lat (msec)   : 2=0.02%, 4=0.07%, 10=0.05%, 20=0.01%
  cpu          : usr=26.41%, sys=52.98%, ctx=407210, majf=0, minf=0
  IO depths    : 1=3.0%, 2=6.0%, 4=12.1%, 8=24.2%, 16=51.5%, 32=3.3%, >=64=0.0%
     submit    : 0=0.0%, 4=100.0%, 8=0.0%, 16=0.0%, 32=0.0%, 64=0.0%, >=64=0.0%
     complete  : 0=0.0%, 4=96.8%, 8=0.1%, 16=0.2%, 32=2.9%, 64=0.0%, >=64=0.0%
     issued rwts: total=0,1962834,0,0 short=0,0,0,0 dropped=0,0,0,0
     latency   : target=0, window=0, percentile=100.00%, depth=32
4K-MIX-QD32J1: (groupid=4, jobs=1): err= 0: pid=9781: Mon Nov  6 17:30:47 2023
  read: IOPS=93.3k, BW=365MiB/s (382MB/s)(3649MiB/10009msec)
    slat (nsec): min=81, max=93825, avg=238.92, stdev=707.35
    clat (usec): min=39, max=25911, avg=326.25, stdev=468.03
     lat (usec): min=39, max=25911, avg=326.49, stdev=468.02
    clat percentiles (usec):
     |  1.00th=[   75],  5.00th=[   85], 10.00th=[   99], 20.00th=[  111],
     | 30.00th=[  122], 40.00th=[  141], 50.00th=[  174], 60.00th=[  221],
     | 70.00th=[  297], 80.00th=[  453], 90.00th=[  766], 95.00th=[ 1045],
     | 99.00th=[ 1909], 99.50th=[ 2540], 99.90th=[ 3523], 99.95th=[ 4817],
     | 99.99th=[16909]
   bw (  KiB/s): min=133816, max=398856, per=100.00%, avg=373662.80, stdev=56996.40, samples=20
   iops        : min=33454, max=99714, avg=93415.70, stdev=14249.10, samples=20
  write: IOPS=40.1k, BW=157MiB/s (164MB/s)(1567MiB/10009msec); 0 zone resets
    slat (nsec): min=79, max=37207, avg=282.66, stdev=715.97
    clat (usec): min=12, max=9145, avg=32.43, stdev=213.92
     lat (usec): min=12, max=9146, avg=32.71, stdev=213.93
    clat percentiles (usec):
     |  1.00th=[   16],  5.00th=[   17], 10.00th=[   18], 20.00th=[   19],
     | 30.00th=[   21], 40.00th=[   22], 50.00th=[   24], 60.00th=[   26],
     | 70.00th=[   28], 80.00th=[   31], 90.00th=[   36], 95.00th=[   41],
     | 99.00th=[   60], 99.50th=[   73], 99.90th=[ 3326], 99.95th=[ 7046],
     | 99.99th=[ 7963]
   bw (  KiB/s): min=57416, max=171312, per=100.00%, avg=160466.80, stdev=24466.75, samples=20
   iops        : min=14354, max=42828, avg=40116.70, stdev=6116.69, samples=20
  lat (usec)   : 20=8.49%, 50=20.94%, 100=8.38%, 250=37.29%, 500=12.27%
  lat (usec)   : 750=5.39%, 1000=3.30%
  lat (msec)   : 2=3.27%, 4=0.59%, 10=0.05%, 20=0.02%, 50=0.01%
  cpu          : usr=49.08%, sys=42.63%, ctx=318846, majf=0, minf=0
  IO depths    : 1=0.1%, 2=0.1%, 4=0.1%, 8=0.1%, 16=44.8%, 32=55.2%, >=64=0.0%
     submit    : 0=0.0%, 4=100.0%, 8=0.0%, 16=0.0%, 32=0.0%, 64=0.0%, >=64=0.0%
     complete  : 0=0.0%, 4=98.5%, 8=1.5%, 16=0.1%, 32=0.1%, 64=0.0%, >=64=0.0%
     issued rwts: total=934188,401167,0,0 short=0,0,0,0 dropped=0,0,0,0
     latency   : target=0, window=0, percentile=100.00%, depth=32

Run status group 0 (all jobs):
   READ: bw=37.8MiB/s (39.6MB/s), 37.8MiB/s-37.8MiB/s (39.6MB/s-39.6MB/s), io=378MiB (396MB), run=10001-10001msec

Run status group 1 (all jobs):
  WRITE: bw=218MiB/s (229MB/s), 218MiB/s-218MiB/s (229MB/s-229MB/s), io=2183MiB (2289MB), run=10001-10001msec

Run status group 2 (all jobs):
   READ: bw=697MiB/s (731MB/s), 697MiB/s-697MiB/s (731MB/s-731MB/s), io=6968MiB (7306MB), run=10001-10001msec

Run status group 3 (all jobs):
  WRITE: bw=767MiB/s (804MB/s), 767MiB/s-767MiB/s (804MB/s-804MB/s), io=7667MiB (8040MB), run=10001-10001msec

Run status group 4 (all jobs):
   READ: bw=365MiB/s (382MB/s), 365MiB/s-365MiB/s (382MB/s-382MB/s), io=3649MiB (3826MB), run=10009-10009msec
  WRITE: bw=157MiB/s (164MB/s), 157MiB/s-157MiB/s (164MB/s-164MB/s), io=1567MiB (1643MB), run=10009-10009msec
