4K-RR-QD1J1: (g=0): rw=randread, bs=(R) 4096B-4096B, (W) 4096B-4096B, (T) 4096B-4096B, ioengine=io_uring, iodepth=1
4K-RW-QD1J1: (g=1): rw=randwrite, bs=(R) 4096B-4096B, (W) 4096B-4096B, (T) 4096B-4096B, ioengine=io_uring, iodepth=1
4K-RR-QD32J1: (g=2): rw=randread, bs=(R) 4096B-4096B, (W) 4096B-4096B, (T) 4096B-4096B, ioengine=io_uring, iodepth=32
4K-RW-QD32J1: (g=3): rw=randwrite, bs=(R) 4096B-4096B, (W) 4096B-4096B, (T) 4096B-4096B, ioengine=io_uring, iodepth=32
4K-MIX-QD32J1: (g=4): rw=randrw, bs=(R) 4096B-4096B, (W) 4096B-4096B, (T) 4096B-4096B, ioengine=io_uring, iodepth=32
fio-3.27
Starting 5 threads

4K-RR-QD1J1: (groupid=0, jobs=1): err= 0: pid=2026: Mon Nov  6 17:49:34 2023
  read: IOPS=8261, BW=32.3MiB/s (33.8MB/s)(323MiB/10001msec)
    clat (usec): min=77, max=6416, avg=120.48, stdev=88.23
     lat (usec): min=77, max=6417, avg=120.59, stdev=88.23
    clat percentiles (usec):
     |  1.00th=[  103],  5.00th=[  109], 10.00th=[  110], 20.00th=[  110],
     | 30.00th=[  111], 40.00th=[  112], 50.00th=[  113], 60.00th=[  117],
     | 70.00th=[  125], 80.00th=[  126], 90.00th=[  128], 95.00th=[  131],
     | 99.00th=[  143], 99.50th=[  212], 99.90th=[ 1762], 99.95th=[ 2180],
     | 99.99th=[ 3326]
   bw (  KiB/s): min=20552, max=34472, per=99.99%, avg=33040.47, stdev=3080.96, samples=19
   iops        : min= 5138, max= 8618, avg=8260.00, stdev=770.22, samples=19
  lat (usec)   : 100=0.56%, 250=99.00%, 500=0.25%, 750=0.01%, 1000=0.01%
  lat (msec)   : 2=0.11%, 4=0.06%, 10=0.01%
  cpu          : usr=99.39%, sys=0.27%, ctx=407, majf=0, minf=0
  IO depths    : 1=100.0%, 2=0.0%, 4=0.0%, 8=0.0%, 16=0.0%, 32=0.0%, >=64=0.0%
     submit    : 0=0.0%, 4=0.0%, 8=0.0%, 16=0.0%, 32=0.0%, 64=0.0%, >=64=0.0%
     complete  : 0=0.0%, 4=100.0%, 8=0.0%, 16=0.0%, 32=0.0%, 64=0.0%, >=64=0.0%
     issued rwts: total=82620,0,0,0 short=0,0,0,0 dropped=0,0,0,0
     latency   : target=0, window=0, percentile=100.00%, depth=1
4K-RW-QD1J1: (groupid=1, jobs=1): err= 0: pid=2028: Mon Nov  6 17:49:34 2023
  write: IOPS=30.6k, BW=120MiB/s (126MB/s)(1197MiB/10001msec); 0 zone resets
    clat (usec): min=25, max=1032, avg=31.55, stdev= 4.56
     lat (usec): min=25, max=1032, avg=31.66, stdev= 4.58
    clat percentiles (usec):
     |  1.00th=[   30],  5.00th=[   30], 10.00th=[   31], 20.00th=[   31],
     | 30.00th=[   31], 40.00th=[   31], 50.00th=[   32], 60.00th=[   32],
     | 70.00th=[   32], 80.00th=[   33], 90.00th=[   34], 95.00th=[   35],
     | 99.00th=[   42], 99.50th=[   46], 99.90th=[   86], 99.95th=[  119],
     | 99.99th=[  149]
   bw (  KiB/s): min=117868, max=126216, per=100.00%, avg=122687.37, stdev=2025.89, samples=19
   iops        : min=29467, max=31554, avg=30671.79, stdev=506.47, samples=19
  lat (usec)   : 50=99.81%, 100=0.12%, 250=0.07%, 500=0.01%, 750=0.01%
  lat (usec)   : 1000=0.01%
  lat (msec)   : 2=0.01%
  cpu          : usr=99.89%, sys=0.00%, ctx=59, majf=0, minf=0
  IO depths    : 1=100.0%, 2=0.0%, 4=0.0%, 8=0.0%, 16=0.0%, 32=0.0%, >=64=0.0%
     submit    : 0=0.0%, 4=0.0%, 8=0.0%, 16=0.0%, 32=0.0%, 64=0.0%, >=64=0.0%
     complete  : 0=0.0%, 4=100.0%, 8=0.0%, 16=0.0%, 32=0.0%, 64=0.0%, >=64=0.0%
     issued rwts: total=0,306438,0,0 short=0,0,0,0 dropped=0,0,0,0
     latency   : target=0, window=0, percentile=100.00%, depth=1
4K-RR-QD32J1: (groupid=2, jobs=1): err= 0: pid=2030: Mon Nov  6 17:49:34 2023
  read: IOPS=157k, BW=614MiB/s (644MB/s)(6143MiB/10001msec)
    clat (usec): min=58, max=5060, avg=203.15, stdev=91.55
     lat (usec): min=58, max=5060, avg=203.22, stdev=91.55
    clat percentiles (usec):
     |  1.00th=[   94],  5.00th=[  112], 10.00th=[  122], 20.00th=[  135],
     | 30.00th=[  147], 40.00th=[  161], 50.00th=[  180], 60.00th=[  200],
     | 70.00th=[  227], 80.00th=[  262], 90.00th=[  318], 95.00th=[  375],
     | 99.00th=[  490], 99.50th=[  537], 99.90th=[  685], 99.95th=[  816],
     | 99.99th=[ 2212]
   bw (  KiB/s): min=558629, max=642957, per=99.96%, avg=628724.42, stdev=20098.98, samples=19
   iops        : min=139657, max=160739, avg=157181.00, stdev=5024.75, samples=19
  lat (usec)   : 100=2.16%, 250=75.06%, 500=21.93%, 750=0.79%, 1000=0.03%
  lat (msec)   : 2=0.01%, 4=0.02%, 10=0.01%
  cpu          : usr=99.91%, sys=0.00%, ctx=65, majf=0, minf=0
  IO depths    : 1=0.1%, 2=0.1%, 4=0.1%, 8=0.1%, 16=0.1%, 32=100.0%, >=64=0.0%
     submit    : 0=0.0%, 4=0.0%, 8=0.0%, 16=0.0%, 32=0.0%, 64=0.0%, >=64=0.0%
     complete  : 0=0.0%, 4=100.0%, 8=0.0%, 16=0.0%, 32=0.1%, 64=0.0%, >=64=0.0%
     issued rwts: total=1572566,0,0,0 short=0,0,0,0 dropped=0,0,0,0
     latency   : target=0, window=0, percentile=100.00%, depth=32
4K-RW-QD32J1: (groupid=3, jobs=1): err= 0: pid=2034: Mon Nov  6 17:49:34 2023
  write: IOPS=169k, BW=662MiB/s (694MB/s)(6620MiB/10001msec); 0 zone resets
    clat (usec): min=36, max=5283, avg=187.88, stdev=89.94
     lat (usec): min=36, max=5283, avg=187.96, stdev=89.94
    clat percentiles (usec):
     |  1.00th=[  111],  5.00th=[  155], 10.00th=[  165], 20.00th=[  174],
     | 30.00th=[  176], 40.00th=[  178], 50.00th=[  180], 60.00th=[  182],
     | 70.00th=[  186], 80.00th=[  194], 90.00th=[  217], 95.00th=[  237],
     | 99.00th=[  310], 99.50th=[  322], 99.90th=[ 1106], 99.95th=[ 2540],
     | 99.99th=[ 4948]
   bw (  KiB/s): min=555578, max=705576, per=100.00%, avg=680273.58, stdev=31444.40, samples=19
   iops        : min=138894, max=176394, avg=170068.32, stdev=7861.19, samples=19
  lat (usec)   : 50=0.01%, 100=0.82%, 250=95.82%, 500=3.24%, 750=0.01%
  lat (usec)   : 1000=0.01%
  lat (msec)   : 2=0.01%, 4=0.08%, 10=0.01%
  cpu          : usr=99.91%, sys=0.00%, ctx=42, majf=0, minf=0
  IO depths    : 1=0.1%, 2=0.1%, 4=0.1%, 8=0.1%, 16=0.1%, 32=100.0%, >=64=0.0%
     submit    : 0=0.0%, 4=0.0%, 8=0.0%, 16=0.0%, 32=0.0%, 64=0.0%, >=64=0.0%
     complete  : 0=0.0%, 4=100.0%, 8=0.0%, 16=0.0%, 32=0.1%, 64=0.0%, >=64=0.0%
     issued rwts: total=0,1694694,0,0 short=0,0,0,0 dropped=0,0,0,0
     latency   : target=0, window=0, percentile=100.00%, depth=32
4K-MIX-QD32J1: (groupid=4, jobs=1): err= 0: pid=2036: Mon Nov  6 17:49:34 2023
  read: IOPS=92.7k, BW=362MiB/s (380MB/s)(3620MiB/10002msec)
    clat (usec): min=75, max=9424, avg=316.27, stdev=328.41
     lat (usec): min=75, max=9424, avg=316.36, stdev=328.42
    clat percentiles (usec):
     |  1.00th=[   95],  5.00th=[  113], 10.00th=[  124], 20.00th=[  139],
     | 30.00th=[  155], 40.00th=[  172], 50.00th=[  196], 60.00th=[  231],
     | 70.00th=[  289], 80.00th=[  408], 90.00th=[  685], 95.00th=[  938],
     | 99.00th=[ 1565], 99.50th=[ 2212], 99.90th=[ 3130], 99.95th=[ 3359],
     | 99.99th=[ 4948]
   bw (  KiB/s): min=336576, max=381568, per=100.00%, avg=370659.37, stdev=12281.86, samples=19
   iops        : min=84144, max=95392, avg=92664.84, stdev=3070.46, samples=19
  write: IOPS=39.7k, BW=155MiB/s (163MB/s)(1552MiB/10002msec); 0 zone resets
    clat (usec): min=22, max=4448, avg=65.67, stdev=35.40
     lat (usec): min=22, max=4448, avg=65.77, stdev=35.40
    clat percentiles (usec):
     |  1.00th=[   32],  5.00th=[   36], 10.00th=[   40], 20.00th=[   46],
     | 30.00th=[   51], 40.00th=[   56], 50.00th=[   61], 60.00th=[   66],
     | 70.00th=[   73], 80.00th=[   81], 90.00th=[   97], 95.00th=[  121],
     | 99.00th=[  159], 99.50th=[  172], 99.90th=[  198], 99.95th=[  217],
     | 99.99th=[  297]
   bw (  KiB/s): min=144080, max=163736, per=100.00%, avg=158874.95, stdev=5469.31, samples=19
   iops        : min=36020, max=40934, avg=39718.74, stdev=1367.33, samples=19
  lat (usec)   : 50=8.84%, 100=19.75%, 250=46.12%, 500=14.27%, 750=5.16%
  lat (usec)   : 1000=2.90%
  lat (msec)   : 2=2.51%, 4=0.42%, 10=0.02%
  cpu          : usr=99.93%, sys=0.00%, ctx=20, majf=0, minf=0
  IO depths    : 1=0.1%, 2=0.1%, 4=0.1%, 8=0.1%, 16=0.1%, 32=100.0%, >=64=0.0%
     submit    : 0=0.0%, 4=0.0%, 8=0.0%, 16=0.0%, 32=0.0%, 64=0.0%, >=64=0.0%
     complete  : 0=0.0%, 4=100.0%, 8=0.0%, 16=0.0%, 32=0.1%, 64=0.0%, >=64=0.0%
     issued rwts: total=926702,397205,0,0 short=0,0,0,0 dropped=0,0,0,0
     latency   : target=0, window=0, percentile=100.00%, depth=32

Run status group 0 (all jobs):
   READ: bw=32.3MiB/s (33.8MB/s), 32.3MiB/s-32.3MiB/s (33.8MB/s-33.8MB/s), io=323MiB (338MB), run=10001-10001msec

Run status group 1 (all jobs):
  WRITE: bw=120MiB/s (126MB/s), 120MiB/s-120MiB/s (126MB/s-126MB/s), io=1197MiB (1255MB), run=10001-10001msec

Run status group 2 (all jobs):
   READ: bw=614MiB/s (644MB/s), 614MiB/s-614MiB/s (644MB/s-644MB/s), io=6143MiB (6441MB), run=10001-10001msec

Run status group 3 (all jobs):
  WRITE: bw=662MiB/s (694MB/s), 662MiB/s-662MiB/s (694MB/s-694MB/s), io=6620MiB (6941MB), run=10001-10001msec

Run status group 4 (all jobs):
   READ: bw=362MiB/s (380MB/s), 362MiB/s-362MiB/s (380MB/s-380MB/s), io=3620MiB (3796MB), run=10002-10002msec
  WRITE: bw=155MiB/s (163MB/s), 155MiB/s-155MiB/s (163MB/s-163MB/s), io=1552MiB (1627MB), run=10002-10002msec

Disk stats (read/write):
  vda: ios=2560721/2389302, merge=2/3, ticks=602225/327595, in_queue=929821, util=98.20%
